<?xml version="1.0" encoding="UTF-8"?>
<!-- Generated by org.testng.reporters.JUnitXMLReporter -->
<testsuite hostname="GLTPM-W085" ignored="0" name="Create Question Test" tests="8" failures="1" timestamp="23 Jan 2019 14:15:34 GMT" time="5.598" errors="0">
  <testcase name="@BeforeClass checkRUnMode" time="0.0" classname="test.createsurvey.addSingleChoice">
    <skipped/>
  </testcase> <!-- @BeforeClass checkRUnMode -->
  <testcase name="@AfterMethod initResult" time="0.0" classname="test.createsurvey.addSingleChoice">
    <skipped/>
  </testcase> <!-- @AfterMethod initResult -->
  <testcase name="@AfterClass setStatusintoReport" time="0.0" classname="test.createsurvey.addSingleChoice">
    <skipped/>
  </testcase> <!-- @AfterClass setStatusintoReport -->
  <testcase name="@BeforeClass checkRUnMode" time="0.0" classname="test.createsurvey.addSingleText">
    <skipped/>
  </testcase> <!-- @BeforeClass checkRUnMode -->
  <testcase name="@AfterMethod initResult" time="0.0" classname="test.createsurvey.addSingleText">
    <skipped/>
  </testcase> <!-- @AfterMethod initResult -->
  <testcase name="@AfterClass setStatusintoReport" time="0.0" classname="test.createsurvey.addSingleText">
    <skipped/>
  </testcase> <!-- @AfterClass setStatusintoReport -->
  <testcase name="@BeforeClass checkRUnMode" time="0.0" classname="test.createsurvey.addGRS_Dislike">
    <skipped/>
  </testcase> <!-- @BeforeClass checkRUnMode -->
  <testcase name="@AfterMethod initResult" time="0.0" classname="test.createsurvey.addGRS_Dislike">
    <skipped/>
  </testcase> <!-- @AfterMethod initResult -->
  <testcase name="@AfterClass setStatusintoReport" time="0.0" classname="test.createsurvey.addGRS_Dislike">
    <skipped/>
  </testcase> <!-- @AfterClass setStatusintoReport -->
  <testcase name="test1" time="0.009" classname="test.createsurvey.startTest"/>
  <testcase name="clickSingleChoice" time="0.0" classname="test.createsurvey.addSingleChoice">
    <skipped/>
  </testcase> <!-- clickSingleChoice -->
  <testcase name="addSingleChoice" time="0.0" classname="test.createsurvey.addSingleChoice">
    <skipped/>
  </testcase> <!-- addSingleChoice -->
  <testcase name="clickSingleText" time="0.0" classname="test.createsurvey.addSingleText">
    <skipped/>
  </testcase> <!-- clickSingleText -->
  <testcase name="addSingleText" time="0.0" classname="test.createsurvey.addSingleText">
    <skipped/>
  </testcase> <!-- addSingleText -->
  <testcase name="clickGRS_Dislike" time="0.0" classname="test.createsurvey.addGRS_Dislike">
    <skipped/>
  </testcase> <!-- clickGRS_Dislike -->
  <testcase name="addGRS_Dislike" time="0.0" classname="test.createsurvey.addGRS_Dislike">
    <skipped/>
  </testcase> <!-- addGRS_Dislike -->
  <testcase name="changeType" time="5.46" classname="updateQuestionType.fromSingleChoiceToOther">
    <failure type="org.openqa.selenium.StaleElementReferenceException" message="stale element reference: element is not attached to the page document
  (Session info: chrome=71.0.3578.98)
  (Driver info: chromedriver=2.40.565498 (ea082db3280dd6843ebfb08a625e3eb905c4f5ab),platform=Windows NT 6.1.7601 SP1 x86_64) (WARNING: The server did not provide any stacktrace information)
Command duration or timeout: 0 milliseconds
For documentation on this error, please visit: https://www.seleniumhq.org/exceptions/stale_element_reference.html
Build info: version: &amp;apos;3.141.59&amp;apos;, revision: &amp;apos;e82be7d358&amp;apos;, time: &amp;apos;2018-11-14T08:17:03&amp;apos;
System info: host: &amp;apos;GLTPM-W085&amp;apos;, ip: &amp;apos;10.10.23.122&amp;apos;, os.name: &amp;apos;Windows 7&amp;apos;, os.arch: &amp;apos;amd64&amp;apos;, os.version: &amp;apos;6.1&amp;apos;, java.version: &amp;apos;1.8.0_91&amp;apos;
Driver info: org.openqa.selenium.chrome.ChromeDriver
Capabilities {acceptInsecureCerts: false, acceptSslCerts: false, applicationCacheEnabled: false, browserConnectionEnabled: false, browserName: chrome, chrome: {chromedriverVersion: 2.40.565498 (ea082db3280dd6..., userDataDir: C:\Users\KA85E9~1.DHI\AppDa...}, cssSelectorsEnabled: true, databaseEnabled: false, handlesAlerts: true, hasTouchScreen: false, javascriptEnabled: true, locationContextEnabled: true, mobileEmulationEnabled: false, nativeEvents: true, networkConnectionEnabled: false, pageLoadStrategy: normal, platform: XP, platformName: XP, rotatable: false, setWindowRect: true, takesHeapSnapshot: true, takesScreenshot: true, unexpectedAlertBehaviour: , unhandledPromptBehavior: , version: 71.0.3578.98, webStorageEnabled: true}
Session ID: bc58a55e9e3b3371a2487e8dae93a4ec">
      <![CDATA[org.openqa.selenium.StaleElementReferenceException: stale element reference: element is not attached to the page document
  (Session info: chrome=71.0.3578.98)
  (Driver info: chromedriver=2.40.565498 (ea082db3280dd6843ebfb08a625e3eb905c4f5ab),platform=Windows NT 6.1.7601 SP1 x86_64) (WARNING: The server did not provide any stacktrace information)
Command duration or timeout: 0 milliseconds
For documentation on this error, please visit: https://www.seleniumhq.org/exceptions/stale_element_reference.html
Build info: version: '3.141.59', revision: 'e82be7d358', time: '2018-11-14T08:17:03'
System info: host: 'GLTPM-W085', ip: '10.10.23.122', os.name: 'Windows 7', os.arch: 'amd64', os.version: '6.1', java.version: '1.8.0_91'
Driver info: org.openqa.selenium.chrome.ChromeDriver
Capabilities {acceptInsecureCerts: false, acceptSslCerts: false, applicationCacheEnabled: false, browserConnectionEnabled: false, browserName: chrome, chrome: {chromedriverVersion: 2.40.565498 (ea082db3280dd6..., userDataDir: C:\Users\KA85E9~1.DHI\AppDa...}, cssSelectorsEnabled: true, databaseEnabled: false, handlesAlerts: true, hasTouchScreen: false, javascriptEnabled: true, locationContextEnabled: true, mobileEmulationEnabled: false, nativeEvents: true, networkConnectionEnabled: false, pageLoadStrategy: normal, platform: XP, platformName: XP, rotatable: false, setWindowRect: true, takesHeapSnapshot: true, takesScreenshot: true, unexpectedAlertBehaviour: , unhandledPromptBehavior: , version: 71.0.3578.98, webStorageEnabled: true}
Session ID: bc58a55e9e3b3371a2487e8dae93a4ec
at org.openqa.selenium.remote.ErrorHandler.createThrowable(ErrorHandler.java:214)
at org.openqa.selenium.remote.ErrorHandler.throwIfResponseFailed(ErrorHandler.java:166)
at org.openqa.selenium.remote.http.JsonHttpResponseCodec.reconstructValue(JsonHttpResponseCodec.java:40)
at org.openqa.selenium.remote.http.AbstractHttpResponseCodec.decode(AbstractHttpResponseCodec.java:80)
at org.openqa.selenium.remote.http.AbstractHttpResponseCodec.decode(AbstractHttpResponseCodec.java:44)
at org.openqa.selenium.remote.HttpCommandExecutor.execute(HttpCommandExecutor.java:158)
at org.openqa.selenium.remote.service.DriverCommandExecutor.execute(DriverCommandExecutor.java:83)
at org.openqa.selenium.remote.RemoteWebDriver.execute(RemoteWebDriver.java:552)
at org.openqa.selenium.remote.RemoteWebElement.execute(RemoteWebElement.java:285)
at org.openqa.selenium.remote.RemoteWebElement.getAttribute(RemoteWebElement.java:134)
at updateQuestionType.fromSingleChoiceToOther.changeType(fromSingleChoiceToOther.java:45)
... Removed 29 stack frames]]>
    </failure>
  </testcase> <!-- changeType -->
</testsuite> <!-- Create Question Test -->
